<?xml version="1.0" encoding="UTF-8"?>
<testng-results ignored="0" total="1" passed="1" failed="0" skipped="0">
  <reporter-output>
  </reporter-output>
  <suite started-at="2023-07-25T17:17:41 IST" name="Default suite" finished-at="2023-07-25T17:18:05 IST" duration-ms="24346">
    <groups>
    </groups>
    <test started-at="2023-07-25T17:17:41 IST" name="Default test" finished-at="2023-07-25T17:18:05 IST" duration-ms="24346">
      <class name="test.Drshethstest">
        <test-method is-config="true" signature="setup()[pri:0, instance:test.Drshethstest@235ecd9f]" started-at="2023-07-25T17:17:41 IST" name="setup" finished-at="2023-07-25T17:17:45 IST" duration-ms="4670" status="PASS">
          <reporter-output>
          </reporter-output>
        </test-method> <!-- setup -->
        <test-method signature="testing()[pri:0, instance:test.Drshethstest@235ecd9f]" started-at="2023-07-25T17:17:45 IST" name="testing" finished-at="2023-07-25T17:18:05 IST" duration-ms="19635" status="PASS">
          <reporter-output>
          </reporter-output>
        </test-method> <!-- testing -->
      </class> <!-- test.Drshethstest -->
    </test> <!-- Default test -->
  </suite> <!-- Default suite -->
</testng-results>
